<?xml version="1.0" encoding="UTF-8"?>
<!-- Generated by org.testng.reporters.JUnitXMLReporter -->
<testsuite hostname="LENOVO" ignored="0" name="Test" tests="9" failures="0" timestamp="01 May 2018 17:42:22 GMT" time="0.155" errors="0">
  <testcase name="afterTest" time="0.019" classname="Test.com.ler.NewTest"/>
  <testcase name="beforeTest" time="0.001" classname="Test.com.ler.NewTest"/>
  <testcase name="testEasy" time="0.0" classname="Test.com.ler.NewTest"/>
  <testcase name="afterTest" time="0.009" classname="Test.com.ler.NewTest2"/>
  <testcase name="beforeTest" time="0.001" classname="Test.com.ler.NewTest2"/>
  <testcase name="testEasy" time="0.001" classname="Test.com.ler.NewTest2"/>
  <testcase name="afterTest" time="0.0" classname="Test.com.ler.NewTest3"/>
  <testcase name="beforeTest" time="0.001" classname="Test.com.ler.NewTest3"/>
  <testcase name="testEasy" time="0.001" classname="Test.com.ler.NewTest3"/>
</testsuite> <!-- Test -->
