<?xml version="1.0" encoding="UTF-8"?>
<testng-results skipped="0" failed="0" ignored="0" total="9" passed="9">
  <reporter-output>
  </reporter-output>
  <suite name="Suite" duration-ms="155" started-at="2018-05-01T17:42:22Z" finished-at="2018-05-01T17:42:22Z">
    <groups>
    </groups>
    <test name="Test" duration-ms="155" started-at="2018-05-01T17:42:22Z" finished-at="2018-05-01T17:42:22Z">
      <class name="Test.com.ler.NewTest2">
        <test-method status="PASS" signature="afterTest()[pri:0, instance:Test.com.ler.NewTest2@180bc464]" name="afterTest" duration-ms="9" started-at="2018-05-01T17:42:22Z" finished-at="2018-05-01T17:42:22Z">
          <reporter-output>
          </reporter-output>
        </test-method> <!-- afterTest -->
        <test-method status="PASS" signature="beforeTest()[pri:0, instance:Test.com.ler.NewTest2@180bc464]" name="beforeTest" duration-ms="1" started-at="2018-05-01T17:42:22Z" finished-at="2018-05-01T17:42:22Z">
          <reporter-output>
          </reporter-output>
        </test-method> <!-- beforeTest -->
        <test-method status="PASS" signature="testEasy()[pri:0, instance:Test.com.ler.NewTest2@180bc464]" name="testEasy" duration-ms="1" started-at="2018-05-01T17:42:22Z" finished-at="2018-05-01T17:42:22Z">
          <reporter-output>
          </reporter-output>
        </test-method> <!-- testEasy -->
      </class> <!-- Test.com.ler.NewTest2 -->
      <class name="Test.com.ler.NewTest3">
        <test-method status="PASS" signature="afterTest()[pri:0, instance:Test.com.ler.NewTest3@1324409e]" name="afterTest" duration-ms="0" started-at="2018-05-01T17:42:22Z" finished-at="2018-05-01T17:42:22Z">
          <reporter-output>
          </reporter-output>
        </test-method> <!-- afterTest -->
        <test-method status="PASS" signature="beforeTest()[pri:0, instance:Test.com.ler.NewTest3@1324409e]" name="beforeTest" duration-ms="1" started-at="2018-05-01T17:42:22Z" finished-at="2018-05-01T17:42:22Z">
          <reporter-output>
          </reporter-output>
        </test-method> <!-- beforeTest -->
        <test-method status="PASS" signature="testEasy()[pri:0, instance:Test.com.ler.NewTest3@1324409e]" name="testEasy" duration-ms="1" started-at="2018-05-01T17:42:22Z" finished-at="2018-05-01T17:42:22Z">
          <reporter-output>
          </reporter-output>
        </test-method> <!-- testEasy -->
      </class> <!-- Test.com.ler.NewTest3 -->
      <class name="Test.com.ler.NewTest">
        <test-method status="PASS" signature="afterTest()[pri:0, instance:Test.com.ler.NewTest@735f7ae5]" name="afterTest" duration-ms="19" started-at="2018-05-01T17:42:22Z" finished-at="2018-05-01T17:42:22Z">
          <reporter-output>
          </reporter-output>
        </test-method> <!-- afterTest -->
        <test-method status="PASS" signature="beforeTest()[pri:0, instance:Test.com.ler.NewTest@735f7ae5]" name="beforeTest" duration-ms="1" started-at="2018-05-01T17:42:22Z" finished-at="2018-05-01T17:42:22Z">
          <reporter-output>
          </reporter-output>
        </test-method> <!-- beforeTest -->
        <test-method status="PASS" signature="testEasy()[pri:0, instance:Test.com.ler.NewTest@735f7ae5]" name="testEasy" duration-ms="0" started-at="2018-05-01T17:42:22Z" finished-at="2018-05-01T17:42:22Z">
          <reporter-output>
          </reporter-output>
        </test-method> <!-- testEasy -->
      </class> <!-- Test.com.ler.NewTest -->
    </test> <!-- Test -->
  </suite> <!-- Suite -->
</testng-results>
